Start testing: Jul 24 17:11 中国标准时间
----------------------------------------------------------
1/1 Testing: bch_block
1/1 Test: bch_block
Command: "C:/Users/V3169/Desktop/Project/SCL_Channel_Coding_Design/Task/BCH/block/build/bch16w_core_mingw/test_bch_block.exe"
Directory: C:/Users/V3169/Desktop/Project/SCL_Channel_Coding_Design/Task/BCH/block/build/bch16w_core_mingw
"bch_block" start time: Jul 24 17:11 中国标准时间
Output:
----------------------------------------------------------
PASS_BCH_BLOCK_CORE_TEST
<end of output>
Test time =  64.47 sec
----------------------------------------------------------
Test Passed.
"bch_block" end time: Jul 24 17:12 中国标准时间
"bch_block" time elapsed: 00:01:04
----------------------------------------------------------

End testing: Jul 24 17:12 中国标准时间
