Start testing: Jul 23 16:53 中国标准时间
----------------------------------------------------------
1/3 Testing: bch15_encoder
1/3 Test: bch15_encoder
Command: "C:/Users/V3169/Desktop/Project/SCL_Channel_Coding_Design/Task/BCH/segmented/build/bch04/test_bch15_encoder.exe" "C:/Users/V3169/Desktop/Project/SCL_Channel_Coding_Design/Task/BCH/segmented/current/../stages/bch02_bch15_encoder" "C:/Users/V3169/Desktop/Project/SCL_Channel_Coding_Design/Task/BCH/segmented/current/../config/bch15_reference_vectors.csv"
Directory: C:/Users/V3169/Desktop/Project/SCL_Channel_Coding_Design/Task/BCH/segmented/build/bch04
"bch15_encoder" start time: Jul 23 16:53 中国标准时间
Output:
----------------------------------------------------------
BCH15 encoder PASS: 2048/2048
<end of output>
Test time =   0.33 sec
----------------------------------------------------------
Test Passed.
"bch15_encoder" end time: Jul 23 16:53 中国标准时间
"bch15_encoder" time elapsed: 00:00:00
----------------------------------------------------------

2/3 Testing: bch15_syndrome_table
2/3 Test: bch15_syndrome_table
Command: "C:/Users/V3169/Desktop/Project/SCL_Channel_Coding_Design/Task/BCH/segmented/build/bch04/test_bch15_syndrome_table.exe" "C:/Users/V3169/Desktop/Project/SCL_Channel_Coding_Design/Task/BCH/segmented/current/../stages/bch03_bch15_syndrome_table"
Directory: C:/Users/V3169/Desktop/Project/SCL_Channel_Coding_Design/Task/BCH/segmented/build/bch04
"bch15_syndrome_table" start time: Jul 23 16:53 中国标准时间
Output:
----------------------------------------------------------
<end of output>
Test time =   0.29 sec
----------------------------------------------------------
Test Passed.
"bch15_syndrome_table" end time: Jul 23 16:53 中国标准时间
"bch15_syndrome_table" time elapsed: 00:00:00
----------------------------------------------------------

3/3 Testing: bch15_lookup_decoder
3/3 Test: bch15_lookup_decoder
Command: "C:/Users/V3169/Desktop/Project/SCL_Channel_Coding_Design/Task/BCH/segmented/build/bch04/test_bch15_lookup_decoder.exe" "C:/Users/V3169/Desktop/Project/SCL_Channel_Coding_Design/Task/BCH/segmented/current/../stages/bch04_lookup_decoder_audit" "C:/Users/V3169/Desktop/Project/SCL_Channel_Coding_Design/Task/BCH/segmented/current/../config/bch15_multi_error_seeds.csv"
Directory: C:/Users/V3169/Desktop/Project/SCL_Channel_Coding_Design/Task/BCH/segmented/build/bch04
"bch15_lookup_decoder" start time: Jul 23 16:53 中国标准时间
Output:
----------------------------------------------------------
<end of output>
Test time =   1.30 sec
----------------------------------------------------------
Test Passed.
"bch15_lookup_decoder" end time: Jul 23 16:53 中国标准时间
"bch15_lookup_decoder" time elapsed: 00:00:01
----------------------------------------------------------

End testing: Jul 23 16:53 中国标准时间
